<?xml version="1.0" encoding="UTF-8"?>
<!-- Generated by org.testng.reporters.JUnitReportReporter -->
<testsuite hostname="Marisol" name="com.myproject.test.AntwihTestNg" tests="1" failures="0" timestamp="10 Nov 2015 02:23:50 GMT" time="23.310" errors="0">
  <testcase name="testMethod" time="23.310" classname="com.myproject.test.AntwihTestNg"/>
</testsuite> <!-- com.myproject.test.AntwihTestNg -->
